# JRE version: Java(TM) SE Runtime Environment (7.0_79-b15) (build 1.7.0_79-b15)
# Java VM: Java HotSpot(TM) Client VM (24.79-b02 mixed mode windows-x86 )
Heap
 def new generation   total 13056K, used 336K [0x04800000, 0x05620000, 0x09d50000)
  eden space 11648K,   2% used [0x04800000, 0x048543d0, 0x05360000)
  from space 1408K,   0% used [0x05360000, 0x05360000, 0x054c0000)
  to   space 1408K,   0% used [0x054c0000, 0x054c0000, 0x05620000)
 tenured generation   total 28908K, used 17344K [0x09d50000, 0x0b98b000, 0x14800000)
   the space 28908K,  59% used [0x09d50000, 0x0ae402d8, 0x0ae40400, 0x0b98b000)
 compacting perm gen  total 14848K, used 14811K [0x14800000, 0x15680000, 0x18800000)
   the space 14848K,  99% used [0x14800000, 0x15676d00, 0x15676e00, 0x15680000)
GC Heap History (10 events):
Event: 11.444 GC heap before
{Heap before GC invocations=46 (full 2):
 def new generation   total 10688K, used 10688K [0x04800000, 0x05390000, 0x09d50000)
  eden space 9536K, 100% used [0x04800000, 0x05150000, 0x05150000)
  from space 1152K, 100% used [0x05270000, 0x05390000, 0x05390000)
  to   space 1152K,   0% used [0x05150000, 0x05150000, 0x05270000)
 tenured generation   total 23560K, used 16191K [0x09d50000, 0x0b452000, 0x14800000)
   the space 23560K,  68% used [0x09d50000, 0x0ad1fce8, 0x0ad1fe00, 0x0b452000)
 compacting perm gen  total 13568K, used 13318K [0x14800000, 0x15540000, 0x18800000)
   the space 13568K,  98% used [0x14800000, 0x15501908, 0x15501a00, 0x15540000)
No shared spaces configured.
Event: 11.456 GC heap after
Heap after GC invocations=47 (full 2):
 def new generation   total 10688K, used 1152K [0x04800000, 0x05390000, 0x09d50000)
  eden space 9536K,   0% used [0x04800000, 0x04800000, 0x05150000)
  from space 1152K, 100% used [0x05150000, 0x05270000, 0x05270000)
  to   space 1152K,   0% used [0x05270000, 0x05270000, 0x05390000)
 tenured generation   total 23560K, used 17740K [0x09d50000, 0x0b452000, 0x14800000)
   the space 23560K,  75% used [0x09d50000, 0x0aea3268, 0x0aea3400, 0x0b452000)
 compacting perm gen  total 13568K, used 13318K [0x14800000, 0x15540000, 0x18800000)
   the space 13568K,  98% used [0x14800000, 0x15501908, 0x15501a00, 0x15540000)
No shared spaces configured.
}
Event: 11.819 GC heap before
{Heap before GC invocations=47 (full 2):
 def new generation   total 10688K, used 10688K [0x04800000, 0x05390000, 0x09d50000)
  eden space 9536K, 100% used [0x04800000, 0x05150000, 0x05150000)
  from space 1152K, 100% used [0x05150000, 0x05270000, 0x05270000)
  to   space 1152K,   0% used [0x05270000, 0x05270000, 0x05390000)
 tenured generation   total 23560K, used 17740K [0x09d50000, 0x0b452000, 0x14800000)
   the space 23560K,  75% used [0x09d50000, 0x0aea3268, 0x0aea3400, 0x0b452000)
 compacting perm gen  total 13568K, used 13328K [0x14800000, 0x15540000, 0x18800000)
   the space 13568K,  98% used [0x14800000, 0x15504090, 0x15504200, 0x15540000)
No shared spaces configured.
Event: 11.828 GC heap after
Heap after GC invocations=48 (full 2):
 def new generation   total 10688K, used 911K [0x04800000, 0x05390000, 0x09d50000)
  eden space 9536K,   0% used [0x04800000, 0x04800000, 0x05150000)
  from space 1152K,  79% used [0x05270000, 0x05353c98, 0x05390000)
  to   space 1152K,   0% used [0x05150000, 0x05150000, 0x05270000)
 tenured generation   total 23560K, used 18836K [0x09d50000, 0x0b452000, 0x14800000)
   the space 23560K,  79% used [0x09d50000, 0x0afb52e8, 0x0afb5400, 0x0b452000)
 compacting perm gen  total 13568K, used 13328K [0x14800000, 0x15540000, 0x18800000)
   the space 13568K,  98% used [0x14800000, 0x15504090, 0x15504200, 0x15540000)
No shared spaces configured.
}
Event: 12.189 GC heap before
{Heap before GC invocations=48 (full 2):
 def new generation   total 10688K, used 10447K [0x04800000, 0x05390000, 0x09d50000)
  eden space 9536K, 100% used [0x04800000, 0x05150000, 0x05150000)
  from space 1152K,  79% used [0x05270000, 0x05353c98, 0x05390000)
  to   space 1152K,   0% used [0x05150000, 0x05150000, 0x05270000)
 tenured generation   total 23560K, used 18836K [0x09d50000, 0x0b452000, 0x14800000)
   the space 23560K,  79% used [0x09d50000, 0x0afb52e8, 0x0afb5400, 0x0b452000)
 compacting perm gen  total 13568K, used 13554K [0x14800000, 0x15540000, 0x18800000)
   the space 13568K,  99% used [0x14800000, 0x1553c970, 0x1553ca00, 0x15540000)
No shared spaces configured.
Event: 12.195 GC heap after
Heap after GC invocations=49 (full 2):
 def new generation   total 10688K, used 992K [0x04800000, 0x05390000, 0x09d50000)
  eden space 9536K,   0% used [0x04800000, 0x04800000, 0x05150000)
  from space 1152K,  86% used [0x05150000, 0x052481f8, 0x05270000)
  to   space 1152K,   0% used [0x05270000, 0x05270000, 0x05390000)
 tenured generation   total 23560K, used 19257K [0x09d50000, 0x0b452000, 0x14800000)
   the space 23560K,  81% used [0x09d50000, 0x0b01e5e0, 0x0b01e600, 0x0b452000)
 compacting perm gen  total 13568K, used 13554K [0x14800000, 0x15540000, 0x18800000)
   the space 13568K,  99% used [0x14800000, 0x1553c970, 0x1553ca00, 0x15540000)
No shared spaces configured.
}
Event: 12.727 GC heap before
{Heap before GC invocations=49 (full 2):
 def new generation   total 10688K, used 10528K [0x04800000, 0x05390000, 0x09d50000)
  eden space 9536K, 100% used [0x04800000, 0x05150000, 0x05150000)
  from space 1152K,  86% used [0x05150000, 0x052481f8, 0x05270000)
  to   space 1152K,   0% used [0x05270000, 0x05270000, 0x05390000)
 tenured generation   total 23560K, used 19257K [0x09d50000, 0x0b452000, 0x14800000)
   the space 23560K,  81% used [0x09d50000, 0x0b01e5e0, 0x0b01e600, 0x0b452000)
 compacting perm gen  total 14848K, used 14599K [0x14800000, 0x15680000, 0x18800000)
   the space 14848K,  98% used [0x14800000, 0x15641d30, 0x15641e00, 0x15680000)
No shared spaces configured.
Event: 12.737 GC heap after
Heap after GC invocations=50 (full 2):
 def new generation   total 10688K, used 1152K [0x04800000, 0x05390000, 0x09d50000)
  eden space 9536K,   0% used [0x04800000, 0x04800000, 0x05150000)
  from space 1152K, 100% used [0x05270000, 0x05390000, 0x05390000)
  to   space 1152K,   0% used [0x05150000, 0x05150000, 0x05270000)
 tenured generation   total 23560K, used 19937K [0x09d50000, 0x0b452000, 0x14800000)
   the space 23560K,  84% used [0x09d50000, 0x0b0c8628, 0x0b0c8800, 0x0b452000)
 compacting perm gen  total 14848K, used 14599K [0x14800000, 0x15680000, 0x18800000)
   the space 14848K,  98% used [0x14800000, 0x15641d30, 0x15641e00, 0x15680000)
No shared spaces configured.
}
Event: 14.845 GC heap before
{Heap before GC invocations=50 (full 2):
 def new generation   total 10688K, used 8109K [0x04800000, 0x05390000, 0x09d50000)
  eden space 9536K,  72% used [0x04800000, 0x04ecb548, 0x05150000)
  from space 1152K, 100% used [0x05270000, 0x05390000, 0x05390000)
  to   space 1152K,   0% used [0x05150000, 0x05150000, 0x05270000)
 tenured generation   total 23560K, used 19937K [0x09d50000, 0x0b452000, 0x14800000)
   the space 23560K,  84% used [0x09d50000, 0x0b0c8628, 0x0b0c8800, 0x0b452000)
 compacting perm gen  total 14848K, used 14809K [0x14800000, 0x15680000, 0x18800000)
   the space 14848K,  99% used [0x14800000, 0x156764f8, 0x15676600, 0x15680000)
No shared spaces configured.
Event: 15.008 GC heap after
Heap after GC invocations=51 (full 3):
 def new generation   total 13056K, used 0K [0x04800000, 0x05620000, 0x09d50000)
  eden space 11648K,   0% used [0x04800000, 0x04800000, 0x05360000)
  from space 1408K,   0% used [0x05360000, 0x05360000, 0x054c0000)
  to   space 1408K,   0% used [0x054c0000, 0x054c0000, 0x05620000)
 tenured generation   total 28908K, used 17344K [0x09d50000, 0x0b98b000, 0x14800000)
   the space 28908K,  59% used [0x09d50000, 0x0ae402d8, 0x0ae40400, 0x0b98b000)
 compacting perm gen  total 14848K, used 14809K [0x14800000, 0x15680000, 0x18800000)
   the space 14848K,  99% used [0x14800000, 0x156764f8, 0x15676600, 0x15680000)
No shared spaces configured.
}

